#FREECIV SCORELOG2 3.1.0

# For a specification of the format of this see doc/README.scorelog or 
# <https://raw.githubusercontent.com/freeciv/freeciv/master/doc/README.scorelog>.

id PBL9oaYgXok4cLkESra9O0Axv23RzQlM
tag 0 pop
tag 1 bnp
tag 2 mfg
tag 3 cities
tag 4 techs
tag 5 munits
tag 6 settlers
tag 7 wonders
tag 8 techout
tag 9 landarea
tag 10 settledarea
tag 11 pollution
tag 12 literacy
tag 13 spaceship
tag 14 gold
tag 15 taxrate
tag 16 scirate
tag 17 luxrate
tag 18 riots
tag 19 happypop
tag 20 contentpop
tag 21 unhappypop
tag 22 specialists
tag 23 gov
tag 24 corruption
tag 25 score
tag 26 unitsbuilt
tag 27 unitskilled
tag 28 unitslost
tag 29 culture
turn 1 -4000 4000 BCE
addplayer 1 0 João Goulart
addplayer 1 1 Aleksandr II
addplayer 1 2 Hendrikus Colijn
addplayer 1 3 Tewodros II
addplayer 1 4 Manuel de Godoy
data 1 0 0 0
data 1 0 1 0
data 1 0 2 0
data 1 0 3 0
data 1 0 4 0
data 1 1 0 0
data 1 1 1 0
data 1 1 2 0
data 1 1 3 0
data 1 1 4 0
data 1 2 0 0
data 1 2 1 0
data 1 2 2 0
data 1 2 3 0
data 1 2 4 0
data 1 3 0 0
data 1 3 1 0
data 1 3 2 0
data 1 3 3 0
data 1 3 4 0
data 1 4 0 0
data 1 4 1 0
data 1 4 2 0
data 1 4 3 0
data 1 4 4 0
data 1 5 0 0
data 1 5 1 0
data 1 5 2 0
data 1 5 3 0
data 1 5 4 0
data 1 6 0 2
data 1 6 1 2
data 1 6 2 2
data 1 6 3 2
data 1 6 4 2
data 1 7 0 0
data 1 7 1 0
data 1 7 2 0
data 1 7 3 0
data 1 7 4 0
data 1 8 0 0
data 1 8 1 0
data 1 8 2 0
data 1 8 3 0
data 1 8 4 0
data 1 9 0 0
data 1 9 1 0
data 1 9 2 0
data 1 9 3 0
data 1 9 4 0
data 1 10 0 0
data 1 10 1 0
data 1 10 2 0
data 1 10 3 0
data 1 10 4 0
data 1 11 0 0
data 1 11 1 0
data 1 11 2 0
data 1 11 3 0
data 1 11 4 0
data 1 12 0 0
data 1 12 1 0
data 1 12 2 0
data 1 12 3 0
data 1 12 4 0
data 1 13 0 0
data 1 13 1 0
data 1 13 2 0
data 1 13 3 0
data 1 13 4 0
data 1 14 0 50
data 1 14 1 50
data 1 14 2 50
data 1 14 3 50
data 1 14 4 50
data 1 15 0 40
data 1 15 1 0
data 1 15 2 0
data 1 15 3 0
data 1 15 4 0
data 1 16 0 60
data 1 16 1 100
data 1 16 2 100
data 1 16 3 100
data 1 16 4 100
data 1 17 0 0
data 1 17 1 0
data 1 17 2 0
data 1 17 3 0
data 1 17 4 0
data 1 18 0 0
data 1 18 1 0
data 1 18 2 0
data 1 18 3 0
data 1 18 4 0
data 1 19 0 0
data 1 19 1 0
data 1 19 2 0
data 1 19 3 0
data 1 19 4 0
data 1 20 0 0
data 1 20 1 0
data 1 20 2 0
data 1 20 3 0
data 1 20 4 0
data 1 21 0 0
data 1 21 1 0
data 1 21 2 0
data 1 21 3 0
data 1 21 4 0
data 1 22 0 0
data 1 22 1 0
data 1 22 2 0
data 1 22 3 0
data 1 22 4 0
data 1 23 0 1
data 1 23 1 1
data 1 23 2 1
data 1 23 3 1
data 1 23 4 1
data 1 24 0 0
data 1 24 1 0
data 1 24 2 0
data 1 24 3 0
data 1 24 4 0
data 1 25 0 0
data 1 25 1 0
data 1 25 2 0
data 1 25 3 0
data 1 25 4 0
data 1 26 0 0
data 1 26 1 0
data 1 26 2 0
data 1 26 3 0
data 1 26 4 0
data 1 27 0 0
data 1 27 1 0
data 1 27 2 0
data 1 27 3 0
data 1 27 4 0
data 1 28 0 0
data 1 28 1 0
data 1 28 2 0
data 1 28 3 0
data 1 28 4 0
data 1 29 0 0
data 1 29 1 0
data 1 29 2 0
data 1 29 3 0
data 1 29 4 0
turn 2 -3950 3950 BCE
data 2 0 0 1
data 2 0 1 0
data 2 0 2 0
data 2 0 3 2
data 2 0 4 0
data 2 1 0 1
data 2 1 1 0
data 2 1 2 0
data 2 1 3 4
data 2 1 4 0
data 2 2 0 5
data 2 2 1 0
data 2 2 2 0
data 2 2 3 5
data 2 2 4 0
data 2 3 0 1
data 2 3 1 0
data 2 3 2 0
data 2 3 3 2
data 2 3 4 0
data 2 4 0 0
data 2 4 1 0
data 2 4 2 0
data 2 4 3 0
data 2 4 4 0
data 2 5 0 0
data 2 5 1 0
data 2 5 2 0
data 2 5 3 0
data 2 5 4 0
data 2 6 0 1
data 2 6 1 2
data 2 6 2 2
data 2 6 3 0
data 2 6 4 2
data 2 7 0 0
data 2 7 1 0
data 2 7 2 0
data 2 7 3 0
data 2 7 4 0
data 2 8 0 1
data 2 8 1 0
data 2 8 2 0
data 2 8 3 2
data 2 8 4 0
data 2 9 0 28000
data 2 9 1 0
data 2 9 2 0
data 2 9 3 32000
data 2 9 4 0
data 2 10 0 3000
data 2 10 1 0
data 2 10 2 0
data 2 10 3 5000
data 2 10 4 0
data 2 11 0 0
data 2 11 1 0
data 2 11 2 0
data 2 11 3 0
data 2 11 4 0
data 2 12 0 0
data 2 12 1 0
data 2 12 2 0
data 2 12 3 0
data 2 12 4 0
data 2 13 0 0
data 2 13 1 0
data 2 13 2 0
data 2 13 3 0
data 2 13 4 0
data 2 14 0 50
data 2 14 1 50
data 2 14 2 50
data 2 14 3 50
data 2 14 4 50
data 2 15 0 40
data 2 15 1 40
data 2 15 2 40
data 2 15 3 40
data 2 15 4 40
data 2 16 0 60
data 2 16 1 60
data 2 16 2 60
data 2 16 3 60
data 2 16 4 60
data 2 17 0 0
data 2 17 1 0
data 2 17 2 0
data 2 17 3 0
data 2 17 4 0
data 2 18 0 0
data 2 18 1 0
data 2 18 2 0
data 2 18 3 0
data 2 18 4 0
data 2 19 0 0
data 2 19 1 0
data 2 19 2 0
data 2 19 3 0
data 2 19 4 0
data 2 20 0 1
data 2 20 1 0
data 2 20 2 0
data 2 20 3 2
data 2 20 4 0
data 2 21 0 0
data 2 21 1 0
data 2 21 2 0
data 2 21 3 0
data 2 21 4 0
data 2 22 0 0
data 2 22 1 0
data 2 22 2 0
data 2 22 3 0
data 2 22 4 0
data 2 23 0 1
data 2 23 1 1
data 2 23 2 1
data 2 23 3 1
data 2 23 4 1
data 2 24 0 0
data 2 24 1 0
data 2 24 2 0
data 2 24 3 1
data 2 24 4 0
data 2 25 0 1
data 2 25 1 0
data 2 25 2 0
data 2 25 3 2
data 2 25 4 0
data 2 26 0 0
data 2 26 1 0
data 2 26 2 0
data 2 26 3 0
data 2 26 4 0
data 2 27 0 0
data 2 27 1 0
data 2 27 2 0
data 2 27 3 0
data 2 27 4 0
data 2 28 0 0
data 2 28 1 0
data 2 28 2 0
data 2 28 3 0
data 2 28 4 0
data 2 29 0 0
data 2 29 1 0
data 2 29 2 0
data 2 29 3 0
data 2 29 4 0
turn 3 -3900 3900 BCE
data 3 0 0 1
data 3 0 1 1
data 3 0 2 0
data 3 0 3 2
data 3 0 4 1
data 3 1 0 1
data 3 1 1 2
data 3 1 2 0
data 3 1 3 4
data 3 1 4 2
data 3 2 0 5
data 3 2 1 5
data 3 2 2 0
data 3 2 3 5
data 3 2 4 5
data 3 3 0 1
data 3 3 1 1
data 3 3 2 0
data 3 3 3 2
data 3 3 4 1
data 3 4 0 0
data 3 4 1 0
data 3 4 2 0
data 3 4 3 0
data 3 4 4 0
data 3 5 0 1
data 3 5 1 0
data 3 5 2 0
data 3 5 3 0
data 3 5 4 0
data 3 6 0 1
data 3 6 1 1
data 3 6 2 2
data 3 6 3 0
data 3 6 4 1
data 3 7 0 0
data 3 7 1 0
data 3 7 2 0
data 3 7 3 0
data 3 7 4 0
data 3 8 0 1
data 3 8 1 1
data 3 8 2 0
data 3 8 3 2
data 3 8 4 1
data 3 9 0 33000
data 3 9 1 30000
data 3 9 2 0
data 3 9 3 35000
data 3 9 4 25000
data 3 10 0 2000
data 3 10 1 1000
data 3 10 2 0
data 3 10 3 5000
data 3 10 4 2000
data 3 11 0 0
data 3 11 1 0
data 3 11 2 0
data 3 11 3 0
data 3 11 4 0
data 3 12 0 0
data 3 12 1 0
data 3 12 2 0
data 3 12 3 0
data 3 12 4 0
data 3 13 0 0
data 3 13 1 0
data 3 13 2 0
data 3 13 3 0
data 3 13 4 0
data 3 14 0 50
data 3 14 1 51
data 3 14 2 50
data 3 14 3 52
data 3 14 4 51
data 3 15 0 40
data 3 15 1 40
data 3 15 2 40
data 3 15 3 40
data 3 15 4 40
data 3 16 0 60
data 3 16 1 60
data 3 16 2 60
data 3 16 3 60
data 3 16 4 60
data 3 17 0 0
data 3 17 1 0
data 3 17 2 0
data 3 17 3 0
data 3 17 4 0
data 3 18 0 0
data 3 18 1 0
data 3 18 2 0
data 3 18 3 0
data 3 18 4 0
data 3 19 0 0
data 3 19 1 0
data 3 19 2 0
data 3 19 3 0
data 3 19 4 0
data 3 20 0 1
data 3 20 1 1
data 3 20 2 0
data 3 20 3 2
data 3 20 4 1
data 3 21 0 0
data 3 21 1 0
data 3 21 2 0
data 3 21 3 0
data 3 21 4 0
data 3 22 0 0
data 3 22 1 0
data 3 22 2 0
data 3 22 3 0
data 3 22 4 0
data 3 23 0 1
data 3 23 1 1
data 3 23 2 1
data 3 23 3 1
data 3 23 4 1
data 3 24 0 0
data 3 24 1 1
data 3 24 2 0
data 3 24 3 1
data 3 24 4 0
data 3 25 0 1
data 3 25 1 1
data 3 25 2 0
data 3 25 3 2
data 3 25 4 1
data 3 26 0 1
data 3 26 1 0
data 3 26 2 0
data 3 26 3 0
data 3 26 4 0
data 3 27 0 0
data 3 27 1 0
data 3 27 2 0
data 3 27 3 0
data 3 27 4 0
data 3 28 0 0
data 3 28 1 0
data 3 28 2 0
data 3 28 3 0
data 3 28 4 0
data 3 29 0 0
data 3 29 1 0
data 3 29 2 0
data 3 29 3 0
data 3 29 4 0
turn 4 -3850 3850 BCE
data 4 0 0 2
data 4 0 1 2
data 4 0 2 2
data 4 0 3 2
data 4 0 4 2
data 4 1 0 3
data 4 1 1 6
data 4 1 2 4
data 4 1 3 4
data 4 1 4 2
data 4 2 0 6
data 4 2 1 7
data 4 2 2 3
data 4 2 3 5
data 4 2 4 7
data 4 3 0 2
data 4 3 1 2
data 4 3 2 2
data 4 3 3 2
data 4 3 4 2
data 4 4 0 0
data 4 4 1 0
data 4 4 2 0
data 4 4 3 0
data 4 4 4 0
data 4 5 0 1
data 4 5 1 0
data 4 5 2 0
data 4 5 3 0
data 4 5 4 0
data 4 6 0 0
data 4 6 1 0
data 4 6 2 0
data 4 6 3 0
data 4 6 4 0
data 4 7 0 0
data 4 7 1 0
data 4 7 2 0
data 4 7 3 0
data 4 7 4 0
data 4 8 0 2
data 4 8 1 3
data 4 8 2 2
data 4 8 3 2
data 4 8 4 1
data 4 9 0 44000
data 4 9 1 41000
data 4 9 2 38000
data 4 9 3 37000
data 4 9 4 34000
data 4 10 0 5000
data 4 10 1 3000
data 4 10 2 3000
data 4 10 3 5000
data 4 10 4 5000
data 4 11 0 0
data 4 11 1 0
data 4 11 2 0
data 4 11 3 0
data 4 11 4 0
data 4 12 0 0
data 4 12 1 0
data 4 12 2 0
data 4 12 3 0
data 4 12 4 0
data 4 13 0 0
data 4 13 1 0
data 4 13 2 0
data 4 13 3 0
data 4 13 4 0
data 4 14 0 51
data 4 14 1 54
data 4 14 2 52
data 4 14 3 54
data 4 14 4 52
data 4 15 0 40
data 4 15 1 40
data 4 15 2 40
data 4 15 3 40
data 4 15 4 40
data 4 16 0 60
data 4 16 1 60
data 4 16 2 60
data 4 16 3 60
data 4 16 4 60
data 4 17 0 0
data 4 17 1 0
data 4 17 2 0
data 4 17 3 0
data 4 17 4 0
data 4 18 0 0
data 4 18 1 0
data 4 18 2 0
data 4 18 3 0
data 4 18 4 0
data 4 19 0 0
data 4 19 1 0
data 4 19 2 0
data 4 19 3 0
data 4 19 4 0
data 4 20 0 2
data 4 20 1 2
data 4 20 2 2
data 4 20 3 2
data 4 20 4 2
data 4 21 0 0
data 4 21 1 0
data 4 21 2 0
data 4 21 3 0
data 4 21 4 0
data 4 22 0 0
data 4 22 1 0
data 4 22 2 0
data 4 22 3 0
data 4 22 4 0
data 4 23 0 1
data 4 23 1 1
data 4 23 2 1
data 4 23 3 1
data 4 23 4 1
data 4 24 0 1
data 4 24 1 3
data 4 24 2 2
data 4 24 3 1
data 4 24 4 0
data 4 25 0 2
data 4 25 1 2
data 4 25 2 2
data 4 25 3 2
data 4 25 4 2
data 4 26 0 1
data 4 26 1 0
data 4 26 2 0
data 4 26 3 0
data 4 26 4 0
data 4 27 0 0
data 4 27 1 0
data 4 27 2 0
data 4 27 3 0
data 4 27 4 0
data 4 28 0 0
data 4 28 1 0
data 4 28 2 0
data 4 28 3 0
data 4 28 4 0
data 4 29 0 0
data 4 29 1 0
data 4 29 2 0
data 4 29 3 0
data 4 29 4 0
turn 5 -3800 3800 BCE
data 5 0 0 2
data 5 0 1 2
data 5 0 2 2
data 5 0 3 2
data 5 0 4 2
data 5 1 0 3
data 5 1 1 6
data 5 1 2 4
data 5 1 3 4
data 5 1 4 2
data 5 2 0 6
data 5 2 1 7
data 5 2 2 3
data 5 2 3 5
data 5 2 4 7
data 5 3 0 2
data 5 3 1 2
data 5 3 2 2
data 5 3 3 2
data 5 3 4 2
data 5 4 0 0
data 5 4 1 0
data 5 4 2 0
data 5 4 3 0
data 5 4 4 0
data 5 5 0 1
data 5 5 1 0
data 5 5 2 0
data 5 5 3 0
data 5 5 4 0
data 5 6 0 0
data 5 6 1 0
data 5 6 2 0
data 5 6 3 0
data 5 6 4 0
data 5 7 0 0
data 5 7 1 0
data 5 7 2 0
data 5 7 3 0
data 5 7 4 0
data 5 8 0 2
data 5 8 1 3
data 5 8 2 2
data 5 8 3 2
data 5 8 4 1
data 5 9 0 44000
data 5 9 1 42000
data 5 9 2 38000
data 5 9 3 39000
data 5 9 4 34000
data 5 10 0 5000
data 5 10 1 4000
data 5 10 2 5000
data 5 10 3 4000
data 5 10 4 4000
data 5 11 0 0
data 5 11 1 0
data 5 11 2 0
data 5 11 3 0
data 5 11 4 0
data 5 12 0 0
data 5 12 1 0
data 5 12 2 0
data 5 12 3 0
data 5 12 4 0
data 5 13 0 0
data 5 13 1 0
data 5 13 2 0
data 5 13 3 0
data 5 13 4 0
data 5 14 0 52
data 5 14 1 57
data 5 14 2 54
data 5 14 3 56
data 5 14 4 53
data 5 15 0 40
data 5 15 1 40
data 5 15 2 40
data 5 15 3 40
data 5 15 4 40
data 5 16 0 60
data 5 16 1 60
data 5 16 2 60
data 5 16 3 60
data 5 16 4 60
data 5 17 0 0
data 5 17 1 0
data 5 17 2 0
data 5 17 3 0
data 5 17 4 0
data 5 18 0 0
data 5 18 1 0
data 5 18 2 0
data 5 18 3 0
data 5 18 4 0
data 5 19 0 0
data 5 19 1 0
data 5 19 2 0
data 5 19 3 0
data 5 19 4 0
data 5 20 0 2
data 5 20 1 2
data 5 20 2 2
data 5 20 3 2
data 5 20 4 2
data 5 21 0 0
data 5 21 1 0
data 5 21 2 0
data 5 21 3 0
data 5 21 4 0
data 5 22 0 0
data 5 22 1 0
data 5 22 2 0
data 5 22 3 0
data 5 22 4 0
data 5 23 0 1
data 5 23 1 1
data 5 23 2 1
data 5 23 3 1
data 5 23 4 1
data 5 24 0 1
data 5 24 1 3
data 5 24 2 2
data 5 24 3 1
data 5 24 4 0
data 5 25 0 2
data 5 25 1 2
data 5 25 2 2
data 5 25 3 2
data 5 25 4 2
data 5 26 0 1
data 5 26 1 0
data 5 26 2 0
data 5 26 3 0
data 5 26 4 0
data 5 27 0 0
data 5 27 1 0
data 5 27 2 0
data 5 27 3 0
data 5 27 4 0
data 5 28 0 0
data 5 28 1 0
data 5 28 2 0
data 5 28 3 0
data 5 28 4 0
data 5 29 0 0
data 5 29 1 0
data 5 29 2 0
data 5 29 3 0
data 5 29 4 0
turn 6 -3750 3750 BCE
data 6 0 0 2
data 6 0 1 2
data 6 0 2 2
data 6 0 3 2
data 6 0 4 2
data 6 1 0 3
data 6 1 1 6
data 6 1 2 4
data 6 1 3 4
data 6 1 4 2
data 6 2 0 6
data 6 2 1 7
data 6 2 2 3
data 6 2 3 5
data 6 2 4 7
data 6 3 0 2
data 6 3 1 2
data 6 3 2 2
data 6 3 3 2
data 6 3 4 2
data 6 4 0 0
data 6 4 1 0
data 6 4 2 0
data 6 4 3 0
data 6 4 4 0
data 6 5 0 1
data 6 5 1 0
data 6 5 2 0
data 6 5 3 0
data 6 5 4 0
data 6 6 0 0
data 6 6 1 0
data 6 6 2 0
data 6 6 3 0
data 6 6 4 0
data 6 7 0 0
data 6 7 1 0
data 6 7 2 0
data 6 7 3 0
data 6 7 4 0
data 6 8 0 2
data 6 8 1 3
data 6 8 2 2
data 6 8 3 2
data 6 8 4 1
data 6 9 0 44000
data 6 9 1 46000
data 6 9 2 41000
data 6 9 3 40000
data 6 9 4 35000
data 6 10 0 6000
data 6 10 1 4000
data 6 10 2 5000
data 6 10 3 4000
data 6 10 4 5000
data 6 11 0 0
data 6 11 1 0
data 6 11 2 0
data 6 11 3 0
data 6 11 4 0
data 6 12 0 0
data 6 12 1 0
data 6 12 2 0
data 6 12 3 0
data 6 12 4 0
data 6 13 0 0
data 6 13 1 0
data 6 13 2 0
data 6 13 3 0
data 6 13 4 0
data 6 14 0 53
data 6 14 1 60
data 6 14 2 56
data 6 14 3 58
data 6 14 4 54
data 6 15 0 40
data 6 15 1 40
data 6 15 2 40
data 6 15 3 40
data 6 15 4 40
data 6 16 0 60
data 6 16 1 60
data 6 16 2 60
data 6 16 3 60
data 6 16 4 60
data 6 17 0 0
data 6 17 1 0
data 6 17 2 0
data 6 17 3 0
data 6 17 4 0
data 6 18 0 0
data 6 18 1 0
data 6 18 2 0
data 6 18 3 0
data 6 18 4 0
data 6 19 0 0
data 6 19 1 0
data 6 19 2 0
data 6 19 3 0
data 6 19 4 0
data 6 20 0 2
data 6 20 1 2
data 6 20 2 2
data 6 20 3 2
data 6 20 4 2
data 6 21 0 0
data 6 21 1 0
data 6 21 2 0
data 6 21 3 0
data 6 21 4 0
data 6 22 0 0
data 6 22 1 0
data 6 22 2 0
data 6 22 3 0
data 6 22 4 0
data 6 23 0 1
data 6 23 1 1
data 6 23 2 1
data 6 23 3 1
data 6 23 4 1
data 6 24 0 1
data 6 24 1 3
data 6 24 2 2
data 6 24 3 1
data 6 24 4 0
data 6 25 0 2
data 6 25 1 2
data 6 25 2 2
data 6 25 3 2
data 6 25 4 2
data 6 26 0 1
data 6 26 1 0
data 6 26 2 0
data 6 26 3 0
data 6 26 4 0
data 6 27 0 0
data 6 27 1 0
data 6 27 2 0
data 6 27 3 0
data 6 27 4 0
data 6 28 0 0
data 6 28 1 0
data 6 28 2 0
data 6 28 3 0
data 6 28 4 0
data 6 29 0 0
data 6 29 1 0
data 6 29 2 0
data 6 29 3 0
data 6 29 4 0
turn 7 -3700 3700 BCE
data 7 0 0 2
data 7 0 1 2
data 7 0 2 2
data 7 0 3 2
data 7 0 4 2
data 7 1 0 3
data 7 1 1 6
data 7 1 2 4
data 7 1 3 4
data 7 1 4 2
data 7 2 0 6
data 7 2 1 7
data 7 2 2 3
data 7 2 3 5
data 7 2 4 7
data 7 3 0 2
data 7 3 1 2
data 7 3 2 2
data 7 3 3 2
data 7 3 4 2
data 7 4 0 0
data 7 4 1 0
data 7 4 2 0
data 7 4 3 0
data 7 4 4 0
data 7 5 0 1
data 7 5 1 0
data 7 5 2 0
data 7 5 3 0
data 7 5 4 0
data 7 6 0 0
data 7 6 1 0
data 7 6 2 0
data 7 6 3 0
data 7 6 4 0
data 7 7 0 0
data 7 7 1 0
data 7 7 2 0
data 7 7 3 0
data 7 7 4 0
data 7 8 0 2
data 7 8 1 3
data 7 8 2 2
data 7 8 3 2
data 7 8 4 1
data 7 9 0 44000
data 7 9 1 46000
data 7 9 2 48000
data 7 9 3 40000
data 7 9 4 38000
data 7 10 0 4000
data 7 10 1 4000
data 7 10 2 5000
data 7 10 3 4000
data 7 10 4 4000
data 7 11 0 0
data 7 11 1 0
data 7 11 2 0
data 7 11 3 0
data 7 11 4 0
data 7 12 0 0
data 7 12 1 0
data 7 12 2 0
data 7 12 3 0
data 7 12 4 0
data 7 13 0 0
data 7 13 1 0
data 7 13 2 0
data 7 13 3 0
data 7 13 4 0
data 7 14 0 54
data 7 14 1 63
data 7 14 2 58
data 7 14 3 60
data 7 14 4 55
data 7 15 0 40
data 7 15 1 40
data 7 15 2 40
data 7 15 3 40
data 7 15 4 40
data 7 16 0 60
data 7 16 1 60
data 7 16 2 60
data 7 16 3 60
data 7 16 4 60
data 7 17 0 0
data 7 17 1 0
data 7 17 2 0
data 7 17 3 0
data 7 17 4 0
data 7 18 0 0
data 7 18 1 0
data 7 18 2 0
data 7 18 3 0
data 7 18 4 0
data 7 19 0 0
data 7 19 1 0
data 7 19 2 0
data 7 19 3 0
data 7 19 4 0
data 7 20 0 2
data 7 20 1 2
data 7 20 2 2
data 7 20 3 2
data 7 20 4 2
data 7 21 0 0
data 7 21 1 0
data 7 21 2 0
data 7 21 3 0
data 7 21 4 0
data 7 22 0 0
data 7 22 1 0
data 7 22 2 0
data 7 22 3 0
data 7 22 4 0
data 7 23 0 1
data 7 23 1 1
data 7 23 2 1
data 7 23 3 1
data 7 23 4 1
data 7 24 0 1
data 7 24 1 3
data 7 24 2 2
data 7 24 3 1
data 7 24 4 0
data 7 25 0 2
data 7 25 1 2
data 7 25 2 2
data 7 25 3 2
data 7 25 4 2
data 7 26 0 1
data 7 26 1 0
data 7 26 2 0
data 7 26 3 0
data 7 26 4 0
data 7 27 0 0
data 7 27 1 0
data 7 27 2 0
data 7 27 3 0
data 7 27 4 0
data 7 28 0 0
data 7 28 1 0
data 7 28 2 0
data 7 28 3 0
data 7 28 4 0
data 7 29 0 0
data 7 29 1 0
data 7 29 2 0
data 7 29 3 0
data 7 29 4 0
turn 8 -3650 3650 BCE
data 8 0 0 2
data 8 0 1 2
data 8 0 2 2
data 8 0 3 2
data 8 0 4 2
data 8 1 0 3
data 8 1 1 6
data 8 1 2 4
data 8 1 3 4
data 8 1 4 2
data 8 2 0 6
data 8 2 1 7
data 8 2 2 3
data 8 2 3 5
data 8 2 4 7
data 8 3 0 2
data 8 3 1 2
data 8 3 2 2
data 8 3 3 2
data 8 3 4 2
data 8 4 0 0
data 8 4 1 0
data 8 4 2 0
data 8 4 3 0
data 8 4 4 0
data 8 5 0 1
data 8 5 1 0
data 8 5 2 0
data 8 5 3 0
data 8 5 4 0
data 8 6 0 0
data 8 6 1 0
data 8 6 2 0
data 8 6 3 0
data 8 6 4 0
data 8 7 0 0
data 8 7 1 0
data 8 7 2 0
data 8 7 3 0
data 8 7 4 0
data 8 8 0 2
data 8 8 1 3
data 8 8 2 2
data 8 8 3 2
data 8 8 4 1
data 8 9 0 44000
data 8 9 1 46000
data 8 9 2 51000
data 8 9 3 43000
data 8 9 4 38000
data 8 10 0 5000
data 8 10 1 4000
data 8 10 2 5000
data 8 10 3 4000
data 8 10 4 4000
data 8 11 0 0
data 8 11 1 0
data 8 11 2 0
data 8 11 3 0
data 8 11 4 0
data 8 12 0 0
data 8 12 1 0
data 8 12 2 0
data 8 12 3 0
data 8 12 4 0
data 8 13 0 0
data 8 13 1 0
data 8 13 2 0
data 8 13 3 0
data 8 13 4 0
data 8 14 0 55
data 8 14 1 66
data 8 14 2 60
data 8 14 3 62
data 8 14 4 56
data 8 15 0 40
data 8 15 1 40
data 8 15 2 40
data 8 15 3 40
data 8 15 4 40
data 8 16 0 60
data 8 16 1 60
data 8 16 2 60
data 8 16 3 60
data 8 16 4 60
data 8 17 0 0
data 8 17 1 0
data 8 17 2 0
data 8 17 3 0
data 8 17 4 0
data 8 18 0 0
data 8 18 1 0
data 8 18 2 0
data 8 18 3 0
data 8 18 4 0
data 8 19 0 0
data 8 19 1 0
data 8 19 2 0
data 8 19 3 0
data 8 19 4 0
data 8 20 0 2
data 8 20 1 2
data 8 20 2 2
data 8 20 3 2
data 8 20 4 2
data 8 21 0 0
data 8 21 1 0
data 8 21 2 0
data 8 21 3 0
data 8 21 4 0
data 8 22 0 0
data 8 22 1 0
data 8 22 2 0
data 8 22 3 0
data 8 22 4 0
data 8 23 0 1
data 8 23 1 1
data 8 23 2 1
data 8 23 3 1
data 8 23 4 1
data 8 24 0 1
data 8 24 1 3
data 8 24 2 2
data 8 24 3 1
data 8 24 4 0
data 8 25 0 2
data 8 25 1 2
data 8 25 2 2
data 8 25 3 2
data 8 25 4 2
data 8 26 0 1
data 8 26 1 0
data 8 26 2 0
data 8 26 3 0
data 8 26 4 0
data 8 27 0 0
data 8 27 1 0
data 8 27 2 0
data 8 27 3 0
data 8 27 4 0
data 8 28 0 0
data 8 28 1 0
data 8 28 2 0
data 8 28 3 0
data 8 28 4 0
data 8 29 0 0
data 8 29 1 0
data 8 29 2 0
data 8 29 3 0
data 8 29 4 0
turn 9 -3600 3600 BCE
data 9 0 0 2
data 9 0 1 2
data 9 0 2 2
data 9 0 3 2
data 9 0 4 2
data 9 1 0 3
data 9 1 1 6
data 9 1 2 4
data 9 1 3 4
data 9 1 4 2
data 9 2 0 6
data 9 2 1 7
data 9 2 2 3
data 9 2 3 5
data 9 2 4 7
data 9 3 0 2
data 9 3 1 2
data 9 3 2 2
data 9 3 3 2
data 9 3 4 2
data 9 4 0 0
data 9 4 1 0
data 9 4 2 0
data 9 4 3 0
data 9 4 4 0
data 9 5 0 1
data 9 5 1 0
data 9 5 2 0
data 9 5 3 0
data 9 5 4 0
data 9 6 0 0
data 9 6 1 0
data 9 6 2 0
data 9 6 3 0
data 9 6 4 0
data 9 7 0 0
data 9 7 1 0
data 9 7 2 0
data 9 7 3 0
data 9 7 4 0
data 9 8 0 2
data 9 8 1 3
data 9 8 2 2
data 9 8 3 2
data 9 8 4 1
data 9 9 0 44000
data 9 9 1 46000
data 9 9 2 51000
data 9 9 3 43000
data 9 9 4 38000
data 9 10 0 5000
data 9 10 1 4000
data 9 10 2 5000
data 9 10 3 4000
data 9 10 4 4000
data 9 11 0 0
data 9 11 1 0
data 9 11 2 0
data 9 11 3 0
data 9 11 4 0
data 9 12 0 0
data 9 12 1 0
data 9 12 2 0
data 9 12 3 0
data 9 12 4 0
data 9 13 0 0
data 9 13 1 0
data 9 13 2 0
data 9 13 3 0
data 9 13 4 0
data 9 14 0 56
data 9 14 1 69
data 9 14 2 62
data 9 14 3 64
data 9 14 4 57
data 9 15 0 40
data 9 15 1 40
data 9 15 2 40
data 9 15 3 40
data 9 15 4 40
data 9 16 0 60
data 9 16 1 60
data 9 16 2 60
data 9 16 3 60
data 9 16 4 60
data 9 17 0 0
data 9 17 1 0
data 9 17 2 0
data 9 17 3 0
data 9 17 4 0
data 9 18 0 0
data 9 18 1 0
data 9 18 2 0
data 9 18 3 0
data 9 18 4 0
data 9 19 0 0
data 9 19 1 0
data 9 19 2 0
data 9 19 3 0
data 9 19 4 0
data 9 20 0 2
data 9 20 1 2
data 9 20 2 2
data 9 20 3 2
data 9 20 4 2
data 9 21 0 0
data 9 21 1 0
data 9 21 2 0
data 9 21 3 0
data 9 21 4 0
data 9 22 0 0
data 9 22 1 0
data 9 22 2 0
data 9 22 3 0
data 9 22 4 0
data 9 23 0 1
data 9 23 1 1
data 9 23 2 1
data 9 23 3 1
data 9 23 4 1
data 9 24 0 1
data 9 24 1 3
data 9 24 2 2
data 9 24 3 1
data 9 24 4 0
data 9 25 0 2
data 9 25 1 2
data 9 25 2 2
data 9 25 3 2
data 9 25 4 2
data 9 26 0 1
data 9 26 1 0
data 9 26 2 0
data 9 26 3 0
data 9 26 4 0
data 9 27 0 0
data 9 27 1 0
data 9 27 2 0
data 9 27 3 0
data 9 27 4 0
data 9 28 0 0
data 9 28 1 0
data 9 28 2 0
data 9 28 3 0
data 9 28 4 0
data 9 29 0 0
data 9 29 1 0
data 9 29 2 0
data 9 29 3 0
data 9 29 4 0
turn 10 -3550 3550 BCE
data 10 0 0 2
data 10 0 1 2
data 10 0 2 3
data 10 0 3 2
data 10 0 4 2
data 10 1 0 3
data 10 1 1 6
data 10 1 2 4
data 10 1 3 4
data 10 1 4 3
data 10 2 0 6
data 10 2 1 7
data 10 2 2 7
data 10 2 3 5
data 10 2 4 7
data 10 3 0 2
data 10 3 1 2
data 10 3 2 2
data 10 3 3 2
data 10 3 4 2
data 10 4 0 0
data 10 4 1 0
data 10 4 2 0
data 10 4 3 0
data 10 4 4 0
data 10 5 0 1
data 10 5 1 0
data 10 5 2 0
data 10 5 3 0
data 10 5 4 0
data 10 6 0 0
data 10 6 1 0
data 10 6 2 0
data 10 6 3 0
data 10 6 4 0
data 10 7 0 0
data 10 7 1 0
data 10 7 2 0
data 10 7 3 0
data 10 7 4 0
data 10 8 0 2
data 10 8 1 3
data 10 8 2 2
data 10 8 3 2
data 10 8 4 2
data 10 9 0 44000
data 10 9 1 46000
data 10 9 2 51000
data 10 9 3 48000
data 10 9 4 38000
data 10 10 0 5000
data 10 10 1 4000
data 10 10 2 6000
data 10 10 3 5000
data 10 10 4 5000
data 10 11 0 0
data 10 11 1 0
data 10 11 2 0
data 10 11 3 0
data 10 11 4 0
data 10 12 0 0
data 10 12 1 0
data 10 12 2 0
data 10 12 3 0
data 10 12 4 0
data 10 13 0 0
data 10 13 1 0
data 10 13 2 0
data 10 13 3 0
data 10 13 4 0
data 10 14 0 57
data 10 14 1 72
data 10 14 2 64
data 10 14 3 91
data 10 14 4 58
data 10 15 0 40
data 10 15 1 40
data 10 15 2 40
data 10 15 3 40
data 10 15 4 40
data 10 16 0 60
data 10 16 1 60
data 10 16 2 60
data 10 16 3 60
data 10 16 4 60
data 10 17 0 0
data 10 17 1 0
data 10 17 2 0
data 10 17 3 0
data 10 17 4 0
data 10 18 0 0
data 10 18 1 0
data 10 18 2 0
data 10 18 3 0
data 10 18 4 0
data 10 19 0 0
data 10 19 1 0
data 10 19 2 0
data 10 19 3 0
data 10 19 4 0
data 10 20 0 2
data 10 20 1 2
data 10 20 2 3
data 10 20 3 2
data 10 20 4 2
data 10 21 0 0
data 10 21 1 0
data 10 21 2 0
data 10 21 3 0
data 10 21 4 0
data 10 22 0 0
data 10 22 1 0
data 10 22 2 0
data 10 22 3 0
data 10 22 4 0
data 10 23 0 1
data 10 23 1 1
data 10 23 2 1
data 10 23 3 1
data 10 23 4 1
data 10 24 0 1
data 10 24 1 3
data 10 24 2 2
data 10 24 3 1
data 10 24 4 0
data 10 25 0 2
data 10 25 1 2
data 10 25 2 3
data 10 25 3 2
data 10 25 4 2
data 10 26 0 1
data 10 26 1 0
data 10 26 2 0
data 10 26 3 0
data 10 26 4 0
data 10 27 0 0
data 10 27 1 0
data 10 27 2 0
data 10 27 3 0
data 10 27 4 0
data 10 28 0 0
data 10 28 1 0
data 10 28 2 0
data 10 28 3 0
data 10 28 4 0
data 10 29 0 0
data 10 29 1 0
data 10 29 2 0
data 10 29 3 0
data 10 29 4 0
turn 11 -3500 3500 BCE
data 11 0 0 2
data 11 0 1 2
data 11 0 2 3
data 11 0 3 4
data 11 0 4 2
data 11 1 0 3
data 11 1 1 6
data 11 1 2 4
data 11 1 3 6
data 11 1 4 3
data 11 2 0 6
data 11 2 1 7
data 11 2 2 7
data 11 2 3 10
data 11 2 4 7
data 11 3 0 2
data 11 3 1 2
data 11 3 2 2
data 11 3 3 2
data 11 3 4 2
data 11 4 0 0
data 11 4 1 0
data 11 4 2 0
data 11 4 3 0
data 11 4 4 0
data 11 5 0 1
data 11 5 1 0
data 11 5 2 0
data 11 5 3 0
data 11 5 4 0
data 11 6 0 0
data 11 6 1 0
data 11 6 2 0
data 11 6 3 0
data 11 6 4 0
data 11 7 0 0
data 11 7 1 0
data 11 7 2 0
data 11 7 3 0
data 11 7 4 0
data 11 8 0 2
data 11 8 1 3
data 11 8 2 2
data 11 8 3 3
data 11 8 4 2
data 11 9 0 44000
data 11 9 1 46000
data 11 9 2 54000
data 11 9 3 50000
data 11 9 4 38000
data 11 10 0 5000
data 11 10 1 4000
data 11 10 2 5000
data 11 10 3 7000
data 11 10 4 5000
data 11 11 0 0
data 11 11 1 0
data 11 11 2 0
data 11 11 3 0
data 11 11 4 0
data 11 12 0 0
data 11 12 1 0
data 11 12 2 0
data 11 12 3 0
data 11 12 4 0
data 11 13 0 0
data 11 13 1 0
data 11 13 2 0
data 11 13 3 0
data 11 13 4 0
data 11 14 0 64
data 11 14 1 75
data 11 14 2 66
data 11 14 3 93
data 11 14 4 59
data 11 15 0 40
data 11 15 1 40
data 11 15 2 40
data 11 15 3 40
data 11 15 4 40
data 11 16 0 60
data 11 16 1 60
data 11 16 2 60
data 11 16 3 60
data 11 16 4 60
data 11 17 0 0
data 11 17 1 0
data 11 17 2 0
data 11 17 3 0
data 11 17 4 0
data 11 18 0 0
data 11 18 1 0
data 11 18 2 0
data 11 18 3 0
data 11 18 4 0
data 11 19 0 0
data 11 19 1 0
data 11 19 2 0
data 11 19 3 0
data 11 19 4 0
data 11 20 0 2
data 11 20 1 2
data 11 20 2 3
data 11 20 3 4
data 11 20 4 2
data 11 21 0 0
data 11 21 1 0
data 11 21 2 0
data 11 21 3 0
data 11 21 4 0
data 11 22 0 0
data 11 22 1 0
data 11 22 2 0
data 11 22 3 0
data 11 22 4 0
data 11 23 0 1
data 11 23 1 1
data 11 23 2 1
data 11 23 3 1
data 11 23 4 1
data 11 24 0 1
data 11 24 1 3
data 11 24 2 2
data 11 24 3 2
data 11 24 4 0
data 11 25 0 2
data 11 25 1 2
data 11 25 2 3
data 11 25 3 4
data 11 25 4 2
data 11 26 0 1
data 11 26 1 0
data 11 26 2 0
data 11 26 3 0
data 11 26 4 0
data 11 27 0 0
data 11 27 1 0
data 11 27 2 0
data 11 27 3 0
data 11 27 4 0
data 11 28 0 0
data 11 28 1 0
data 11 28 2 0
data 11 28 3 0
data 11 28 4 0
data 11 29 0 0
data 11 29 1 0
data 11 29 2 0
data 11 29 3 0
data 11 29 4 0
turn 12 -3450 3450 BCE
data 12 0 0 2
data 12 0 1 3
data 12 0 2 3
data 12 0 3 4
data 12 0 4 3
data 12 1 0 3
data 12 1 1 7
data 12 1 2 4
data 12 1 3 6
data 12 1 4 3
data 12 2 0 6
data 12 2 1 10
data 12 2 2 7
data 12 2 3 10
data 12 2 4 10
data 12 3 0 2
data 12 3 1 2
data 12 3 2 2
data 12 3 3 2
data 12 3 4 2
data 12 4 0 0
data 12 4 1 1
data 12 4 2 0
data 12 4 3 0
data 12 4 4 0
data 12 5 0 1
data 12 5 1 0
data 12 5 2 0
data 12 5 3 0
data 12 5 4 0
data 12 6 0 0
data 12 6 1 0
data 12 6 2 0
data 12 6 3 0
data 12 6 4 0
data 12 7 0 0
data 12 7 1 0
data 12 7 2 0
data 12 7 3 0
data 12 7 4 0
data 12 8 0 2
data 12 8 1 4
data 12 8 2 2
data 12 8 3 3
data 12 8 4 2
data 12 9 0 44000
data 12 9 1 47000
data 12 9 2 58000
data 12 9 3 50000
data 12 9 4 38000
data 12 10 0 5000
data 12 10 1 5000
data 12 10 2 5000
data 12 10 3 7000
data 12 10 4 6000
data 12 11 0 0
data 12 11 1 0
data 12 11 2 0
data 12 11 3 0
data 12 11 4 0
data 12 12 0 0
data 12 12 1 0
data 12 12 2 0
data 12 12 3 0
data 12 12 4 0
data 12 13 0 0
data 12 13 1 0
data 12 13 2 0
data 12 13 3 0
data 12 13 4 0
data 12 14 0 69
data 12 14 1 78
data 12 14 2 68
data 12 14 3 96
data 12 14 4 60
data 12 15 0 40
data 12 15 1 40
data 12 15 2 40
data 12 15 3 40
data 12 15 4 40
data 12 16 0 60
data 12 16 1 60
data 12 16 2 60
data 12 16 3 60
data 12 16 4 60
data 12 17 0 0
data 12 17 1 0
data 12 17 2 0
data 12 17 3 0
data 12 17 4 0
data 12 18 0 0
data 12 18 1 0
data 12 18 2 0
data 12 18 3 0
data 12 18 4 0
data 12 19 0 0
data 12 19 1 0
data 12 19 2 0
data 12 19 3 0
data 12 19 4 0
data 12 20 0 2
data 12 20 1 3
data 12 20 2 3
data 12 20 3 4
data 12 20 4 3
data 12 21 0 0
data 12 21 1 0
data 12 21 2 0
data 12 21 3 0
data 12 21 4 0
data 12 22 0 0
data 12 22 1 0
data 12 22 2 0
data 12 22 3 0
data 12 22 4 0
data 12 23 0 1
data 12 23 1 1
data 12 23 2 1
data 12 23 3 1
data 12 23 4 1
data 12 24 0 1
data 12 24 1 3
data 12 24 2 2
data 12 24 3 2
data 12 24 4 0
data 12 25 0 2
data 12 25 1 5
data 12 25 2 3
data 12 25 3 4
data 12 25 4 3
data 12 26 0 1
data 12 26 1 0
data 12 26 2 0
data 12 26 3 0
data 12 26 4 0
data 12 27 0 0
data 12 27 1 0
data 12 27 2 0
data 12 27 3 0
data 12 27 4 0
data 12 28 0 0
data 12 28 1 0
data 12 28 2 0
data 12 28 3 0
data 12 28 4 0
data 12 29 0 0
data 12 29 1 0
data 12 29 2 0
data 12 29 3 0
data 12 29 4 0
turn 13 -3400 3400 BCE
data 13 0 0 3
data 13 0 1 3
data 13 0 2 4
data 13 0 3 3
data 13 0 4 3
data 13 1 0 4
data 13 1 1 6
data 13 1 2 4
data 13 1 3 4
data 13 1 4 4
data 13 2 0 8
data 13 2 1 8
data 13 2 2 8
data 13 2 3 6
data 13 2 4 7
data 13 3 0 2
data 13 3 1 2
data 13 3 2 2
data 13 3 3 2
data 13 3 4 2
data 13 4 0 0
data 13 4 1 1
data 13 4 2 0
data 13 4 3 1
data 13 4 4 0
data 13 5 0 2
data 13 5 1 0
data 13 5 2 0
data 13 5 3 0
data 13 5 4 0
data 13 6 0 0
data 13 6 1 1
data 13 6 2 0
data 13 6 3 1
data 13 6 4 1
data 13 7 0 0
data 13 7 1 0
data 13 7 2 0
data 13 7 3 0
data 13 7 4 0
data 13 8 0 3
data 13 8 1 3
data 13 8 2 2
data 13 8 3 2
data 13 8 4 2
data 13 9 0 44000
data 13 9 1 47000
data 13 9 2 58000
data 13 9 3 50000
data 13 9 4 38000
data 13 10 0 5000
data 13 10 1 5000
data 13 10 2 7000
data 13 10 3 6000
data 13 10 4 5000
data 13 11 0 0
data 13 11 1 0
data 13 11 2 0
data 13 11 3 0
data 13 11 4 0
data 13 12 0 0
data 13 12 1 0
data 13 12 2 0
data 13 12 3 0
data 13 12 4 0
data 13 13 0 0
data 13 13 1 0
data 13 13 2 0
data 13 13 3 0
data 13 13 4 0
data 13 14 0 74
data 13 14 1 81
data 13 14 2 70
data 13 14 3 99
data 13 14 4 61
data 13 15 0 40
data 13 15 1 40
data 13 15 2 40
data 13 15 3 40
data 13 15 4 40
data 13 16 0 60
data 13 16 1 60
data 13 16 2 60
data 13 16 3 60
data 13 16 4 60
data 13 17 0 0
data 13 17 1 0
data 13 17 2 0
data 13 17 3 0
data 13 17 4 0
data 13 18 0 0
data 13 18 1 0
data 13 18 2 0
data 13 18 3 0
data 13 18 4 0
data 13 19 0 0
data 13 19 1 0
data 13 19 2 0
data 13 19 3 0
data 13 19 4 0
data 13 20 0 3
data 13 20 1 3
data 13 20 2 4
data 13 20 3 3
data 13 20 4 3
data 13 21 0 0
data 13 21 1 0
data 13 21 2 0
data 13 21 3 0
data 13 21 4 0
data 13 22 0 0
data 13 22 1 0
data 13 22 2 0
data 13 22 3 0
data 13 22 4 0
data 13 23 0 1
data 13 23 1 1
data 13 23 2 1
data 13 23 3 1
data 13 23 4 1
data 13 24 0 1
data 13 24 1 4
data 13 24 2 3
data 13 24 3 2
data 13 24 4 1
data 13 25 0 3
data 13 25 1 5
data 13 25 2 4
data 13 25 3 5
data 13 25 4 3
data 13 26 0 2
data 13 26 1 1
data 13 26 2 0
data 13 26 3 1
data 13 26 4 1
data 13 27 0 0
data 13 27 1 0
data 13 27 2 0
data 13 27 3 0
data 13 27 4 0
data 13 28 0 0
data 13 28 1 0
data 13 28 2 0
data 13 28 3 0
data 13 28 4 0
data 13 29 0 0
data 13 29 1 0
data 13 29 2 0
data 13 29 3 0
data 13 29 4 0
